<?xml version="1.0" encoding="UTF-8"?>
<!-- Generated by org.testng.reporters.JUnitReportReporter -->
<testsuite hostname="LAPTOP-8CCMCL84" failures="0" tests="1" name="DetailValidation.validation" time="15.956" errors="0" timestamp="15 Nov 2022 13:27:37 GMT">
  <testcase classname="DetailValidation.validation" name="verifingDetails" time="15.956"/>
</testsuite> <!-- DetailValidation.validation -->
